  [1m[35m (0.1ms)[0m  [1m[34mSELECT sqlite_version(*)[0m
  [1m[35m (86.5ms)[0m  [1m[35mCREATE TABLE "schema_migrations" ("version" varchar NOT NULL PRIMARY KEY)[0m
  [1m[35m (78.9ms)[0m  [1m[35mCREATE TABLE "ar_internal_metadata" ("key" varchar NOT NULL PRIMARY KEY, "value" varchar, "created_at" datetime NOT NULL, "updated_at" datetime NOT NULL)[0m
  [1m[35m (0.3ms)[0m  [1m[34mSELECT "schema_migrations"."version" FROM "schema_migrations" ORDER BY "schema_migrations"."version" ASC[0m
Migrating to CreateTeams (20180317165148)
  [1m[35m (0.1ms)[0m  [1m[36mbegin transaction[0m
  [1m[35m (1.6ms)[0m  [1m[35mCREATE TABLE "teams" ("id" INTEGER PRIMARY KEY AUTOINCREMENT NOT NULL, "name" varchar, "availability" integer, "departure_date" date, "end_date" date, "created_at" datetime NOT NULL, "updated_at" datetime NOT NULL)[0m
  [1m[35mSQL (0.2ms)[0m  [1m[32mINSERT INTO "schema_migrations" ("version") VALUES (?)[0m  [["version", "20180317165148"]]
  [1m[35m (77.1ms)[0m  [1m[36mcommit transaction[0m
  [1m[36mActiveRecord::InternalMetadata Load (0.4ms)[0m  [1m[34mSELECT  "ar_internal_metadata".* FROM "ar_internal_metadata" WHERE "ar_internal_metadata"."key" = ? LIMIT ?[0m  [["key", "environment"], ["LIMIT", 1]]
  [1m[35m (0.2ms)[0m  [1m[36mbegin transaction[0m
  [1m[35mSQL (0.5ms)[0m  [1m[32mINSERT INTO "ar_internal_metadata" ("key", "value", "created_at", "updated_at") VALUES (?, ?, ?, ?)[0m  [["key", "environment"], ["value", "development"], ["created_at", "2018-03-17 16:52:21.381524"], ["updated_at", "2018-03-17 16:52:21.381524"]]
  [1m[35m (68.0ms)[0m  [1m[36mcommit transaction[0m
  [1m[35m (0.3ms)[0m  [1m[34mSELECT "schema_migrations"."version" FROM "schema_migrations" ORDER BY "schema_migrations"."version" ASC[0m
  [1m[35m (0.1ms)[0m  [1m[34mSELECT "schema_migrations"."version" FROM "schema_migrations" ORDER BY "schema_migrations"."version" ASC[0m
Migrating to CreateTasks (20180317165319)
  [1m[35m (0.0ms)[0m  [1m[36mbegin transaction[0m
  [1m[35m (0.1ms)[0m  [1m[34mSELECT sqlite_version(*)[0m
  [1m[35m (0.3ms)[0m  [1m[35mCREATE TABLE "tasks" ("id" INTEGER PRIMARY KEY AUTOINCREMENT NOT NULL, "name_task" varchar, "effort_driven" integer, "estimate_effort" integer, "team_id" integer, "percentage_task" integer, "priority" integer, "created_at" datetime NOT NULL, "updated_at" datetime NOT NULL)[0m
  [1m[35mSQL (0.1ms)[0m  [1m[32mINSERT INTO "schema_migrations" ("version") VALUES (?)[0m  [["version", "20180317165319"]]
  [1m[35m (111.3ms)[0m  [1m[36mcommit transaction[0m
  [1m[36mActiveRecord::InternalMetadata Load (0.4ms)[0m  [1m[34mSELECT  "ar_internal_metadata".* FROM "ar_internal_metadata" WHERE "ar_internal_metadata"."key" = ? LIMIT ?[0m  [["key", "environment"], ["LIMIT", 1]]
  [1m[35m (0.1ms)[0m  [1m[36mbegin transaction[0m
  [1m[35m (0.1ms)[0m  [1m[36mcommit transaction[0m
  [1m[35m (0.3ms)[0m  [1m[34mSELECT "schema_migrations"."version" FROM "schema_migrations" ORDER BY "schema_migrations"."version" ASC[0m
Started GET "/teams" for 127.0.0.1 at 2018-03-17 17:53:44 +0100
  [1m[35m (0.2ms)[0m  [1m[34mSELECT "schema_migrations"."version" FROM "schema_migrations" ORDER BY "schema_migrations"."version" ASC[0m
Processing by TeamsController#index as HTML
  Rendering teams/index.html.erb within layouts/application
  [1m[36mTeam Load (0.1ms)[0m  [1m[34mSELECT "teams".* FROM "teams"[0m
  Rendered teams/index.html.erb within layouts/application (2.2ms)
Completed 200 OK in 403ms (Views: 394.7ms | ActiveRecord: 0.3ms)


Started GET "/tasks" for 127.0.0.1 at 2018-03-17 17:53:50 +0100
Processing by TasksController#index as HTML
  Rendering tasks/index.html.erb within layouts/application
  [1m[36mTask Load (0.2ms)[0m  [1m[34mSELECT "tasks".* FROM "tasks"[0m
  Rendered tasks/index.html.erb within layouts/application (3.8ms)
Completed 200 OK in 20ms (Views: 17.2ms | ActiveRecord: 0.5ms)


Started GET "/tasks/new" for 127.0.0.1 at 2018-03-17 17:53:55 +0100
Processing by TasksController#new as HTML
  Rendering tasks/new.html.erb within layouts/application
  Rendered tasks/_form.html.erb (10.8ms)
  Rendered tasks/new.html.erb within layouts/application (11.8ms)
Completed 200 OK in 49ms (Views: 27.0ms | ActiveRecord: 4.1ms)


Started GET "/tasks" for 127.0.0.1 at 2018-03-17 17:59:45 +0100
  [1m[35m (0.1ms)[0m  [1m[34mSELECT "schema_migrations"."version" FROM "schema_migrations" ORDER BY "schema_migrations"."version" ASC[0m
Processing by TasksController#index as HTML
  Rendering tasks/index.html.erb within layouts/application
  [1m[36mTask Load (0.1ms)[0m  [1m[34mSELECT "tasks".* FROM "tasks"[0m
  Rendered tasks/index.html.erb within layouts/application (2.2ms)
Completed 200 OK in 131ms (Views: 120.0ms | ActiveRecord: 0.3ms)


Started GET "/tasks/new" for 127.0.0.1 at 2018-03-17 17:59:48 +0100
Processing by TasksController#new as HTML
  Rendering tasks/new.html.erb within layouts/application
  Rendered tasks/_form.html.erb (11.2ms)
  Rendered tasks/new.html.erb within layouts/application (12.4ms)
Completed 200 OK in 44ms (Views: 22.9ms | ActiveRecord: 2.8ms)


Started GET "/tasks" for 127.0.0.1 at 2018-03-17 17:59:55 +0100
Processing by TasksController#index as HTML
  Rendering tasks/index.html.erb within layouts/application
  [1m[36mTask Load (0.6ms)[0m  [1m[34mSELECT "tasks".* FROM "tasks"[0m
  Rendered tasks/index.html.erb within layouts/application (8.6ms)
Completed 200 OK in 79ms (Views: 73.5ms | ActiveRecord: 0.6ms)


Started GET "/teams" for 127.0.0.1 at 2018-03-17 18:00:01 +0100
Processing by TeamsController#index as HTML
  Rendering teams/index.html.erb within layouts/application
  [1m[36mTeam Load (0.2ms)[0m  [1m[34mSELECT "teams".* FROM "teams"[0m
  Rendered teams/index.html.erb within layouts/application (2.6ms)
Completed 200 OK in 39ms (Views: 16.4ms | ActiveRecord: 0.4ms)


Started GET "/teams/new" for 127.0.0.1 at 2018-03-17 18:00:03 +0100
Processing by TeamsController#new as HTML
  Rendering teams/new.html.erb within layouts/application
  Rendered teams/_form.html.erb (6.8ms)
  Rendered teams/new.html.erb within layouts/application (8.3ms)
Completed 200 OK in 34ms (Views: 22.6ms | ActiveRecord: 0.7ms)


Started GET "/tasks" for 127.0.0.1 at 2018-03-17 18:00:10 +0100
Processing by TasksController#index as HTML
  Rendering tasks/index.html.erb within layouts/application
  [1m[36mTask Load (0.2ms)[0m  [1m[34mSELECT "tasks".* FROM "tasks"[0m
  Rendered tasks/index.html.erb within layouts/application (1.1ms)
Completed 200 OK in 19ms (Views: 18.1ms | ActiveRecord: 0.2ms)


Started GET "/tasks/new" for 127.0.0.1 at 2018-03-17 18:00:13 +0100
Processing by TasksController#new as HTML
  Rendering tasks/new.html.erb within layouts/application
  Rendered tasks/_form.html.erb (11.0ms)
  Rendered tasks/new.html.erb within layouts/application (14.1ms)
Completed 200 OK in 42ms (Views: 39.1ms | ActiveRecord: 0.0ms)


Started POST "/tasks" for 127.0.0.1 at 2018-03-17 18:00:38 +0100
Processing by TasksController#create as HTML
  Parameters: {"utf8"=>"✓", "authenticity_token"=>"fJi1PAO3Q2vZuBt7iyC54NFQqLOGJ1jetkJFbo65DVhI/4f6y0j8l/PNm6UIBW/MWOvKeDRIOeHB1TbGue3+3g==", "task"=>{"name_task"=>"kfkfkfk", "effort_driven"=>"2", "estimate_effort"=>"5", "team_id"=>"12", "percentage_task"=>"554", "priority"=>"6"}, "commit"=>"Create Task"}
  [1m[35m (0.1ms)[0m  [1m[36mbegin transaction[0m
  [1m[36mTeam Load (0.2ms)[0m  [1m[34mSELECT  "teams".* FROM "teams" WHERE "teams"."id" = ? LIMIT ?[0m  [["id", 12], ["LIMIT", 1]]
  [1m[35m (0.1ms)[0m  [1m[31mrollback transaction[0m
  Rendering tasks/new.html.erb within layouts/application
  Rendered tasks/_form.html.erb (5.1ms)
  Rendered tasks/new.html.erb within layouts/application (5.9ms)
Completed 200 OK in 43ms (Views: 27.9ms | ActiveRecord: 0.4ms)


Started GET "/tasks" for 127.0.0.1 at 2018-03-17 18:01:09 +0100
Processing by TasksController#index as HTML
  Rendering tasks/index.html.erb within layouts/application
  [1m[36mTask Load (0.1ms)[0m  [1m[34mSELECT "tasks".* FROM "tasks"[0m
  Rendered tasks/index.html.erb within layouts/application (1.5ms)
Completed 200 OK in 43ms (Views: 41.8ms | ActiveRecord: 0.1ms)


Started GET "/teams" for 127.0.0.1 at 2018-03-17 18:01:15 +0100
Processing by TeamsController#index as HTML
  Rendering teams/index.html.erb within layouts/application
  [1m[36mTeam Load (0.2ms)[0m  [1m[34mSELECT "teams".* FROM "teams"[0m
  Rendered teams/index.html.erb within layouts/application (1.1ms)
Completed 200 OK in 17ms (Views: 15.5ms | ActiveRecord: 0.2ms)


Started GET "/teams/new" for 127.0.0.1 at 2018-03-17 18:01:17 +0100
Processing by TeamsController#new as HTML
  Rendering teams/new.html.erb within layouts/application
  Rendered teams/_form.html.erb (8.1ms)
  Rendered teams/new.html.erb within layouts/application (10.3ms)
Completed 200 OK in 34ms (Views: 29.8ms | ActiveRecord: 0.0ms)


Started POST "/teams" for 127.0.0.1 at 2018-03-17 18:01:28 +0100
Processing by TeamsController#create as HTML
  Parameters: {"utf8"=>"✓", "authenticity_token"=>"WWKytBeoxWUVEsPnqRP+0CjEFz6LDVzVwus4GXDjGZQGIJZ9fmbVibDt+4oaRcE/6U1BDxqE2L4xp/3NeNWMgA==", "team"=>{"name"=>"dkkdkf", "availability"=>"2654", "departure_date(1i)"=>"2018", "departure_date(2i)"=>"3", "departure_date(3i)"=>"17", "end_date(1i)"=>"2018", "end_date(2i)"=>"3", "end_date(3i)"=>"17"}, "commit"=>"Create Team"}
  [1m[35m (0.1ms)[0m  [1m[36mbegin transaction[0m
  [1m[35mSQL (0.3ms)[0m  [1m[32mINSERT INTO "teams" ("name", "availability", "departure_date", "end_date", "created_at", "updated_at") VALUES (?, ?, ?, ?, ?, ?)[0m  [["name", "dkkdkf"], ["availability", 2654], ["departure_date", "2018-03-17"], ["end_date", "2018-03-17"], ["created_at", "2018-03-17 17:01:28.785790"], ["updated_at", "2018-03-17 17:01:28.785790"]]
  [1m[35m (199.8ms)[0m  [1m[36mcommit transaction[0m
Redirected to http://localhost:3000/teams/1
Completed 302 Found in 207ms (ActiveRecord: 200.2ms)


Started GET "/teams/1" for 127.0.0.1 at 2018-03-17 18:01:29 +0100
Processing by TeamsController#show as HTML
  Parameters: {"id"=>"1"}
  [1m[36mTeam Load (0.2ms)[0m  [1m[34mSELECT  "teams".* FROM "teams" WHERE "teams"."id" = ? LIMIT ?[0m  [["id", 1], ["LIMIT", 1]]
  Rendering teams/show.html.erb within layouts/application
  Rendered teams/show.html.erb within layouts/application (1.3ms)
Completed 200 OK in 22ms (Views: 17.7ms | ActiveRecord: 0.2ms)


Started POST "/tasks" for 127.0.0.1 at 2018-03-17 18:01:36 +0100
Processing by TasksController#create as HTML
  Parameters: {"utf8"=>"✓", "authenticity_token"=>"BW2H8jG98Cjmjin66egPCjtFKzXnzmIzC8h5djYHdzldc6KIIo09XafyXgBB6r51ki/uB3aFsfdaRJybtTRpqw==", "task"=>{"name_task"=>"kfkfkfk", "effort_driven"=>"2", "estimate_effort"=>"5", "team_id"=>"1", "percentage_task"=>"554", "priority"=>"6"}, "commit"=>"Create Task"}
  [1m[35m (0.1ms)[0m  [1m[36mbegin transaction[0m
  [1m[36mTeam Load (0.2ms)[0m  [1m[34mSELECT  "teams".* FROM "teams" WHERE "teams"."id" = ? LIMIT ?[0m  [["id", 1], ["LIMIT", 1]]
  [1m[35mSQL (0.9ms)[0m  [1m[32mINSERT INTO "tasks" ("name_task", "effort_driven", "estimate_effort", "team_id", "percentage_task", "priority", "created_at", "updated_at") VALUES (?, ?, ?, ?, ?, ?, ?, ?)[0m  [["name_task", "kfkfkfk"], ["effort_driven", 2], ["estimate_effort", 5], ["team_id", 1], ["percentage_task", 554], ["priority", 6], ["created_at", "2018-03-17 17:01:36.972469"], ["updated_at", "2018-03-17 17:01:36.972469"]]
  [1m[35m (81.3ms)[0m  [1m[36mcommit transaction[0m
Redirected to http://localhost:3000/tasks/1
Completed 302 Found in 94ms (ActiveRecord: 82.5ms)


Started GET "/tasks/1" for 127.0.0.1 at 2018-03-17 18:01:37 +0100
Processing by TasksController#show as HTML
  Parameters: {"id"=>"1"}
  [1m[36mTask Load (0.8ms)[0m  [1m[34mSELECT  "tasks".* FROM "tasks" WHERE "tasks"."id" = ? LIMIT ?[0m  [["id", 1], ["LIMIT", 1]]
  Rendering tasks/show.html.erb within layouts/application
  Rendered tasks/show.html.erb within layouts/application (1.4ms)
Completed 200 OK in 29ms (Views: 21.4ms | ActiveRecord: 0.8ms)


Started GET "/tasks" for 127.0.0.1 at 2018-03-17 18:01:42 +0100
Processing by TasksController#index as HTML
  Rendering tasks/index.html.erb within layouts/application
  [1m[36mTask Load (0.4ms)[0m  [1m[34mSELECT "tasks".* FROM "tasks"[0m
  Rendered tasks/index.html.erb within layouts/application (3.7ms)
Completed 200 OK in 29ms (Views: 24.0ms | ActiveRecord: 0.4ms)


Started GET "/teams" for 127.0.0.1 at 2018-03-17 18:01:47 +0100
Processing by TeamsController#index as HTML
  Rendering teams/index.html.erb within layouts/application
  [1m[36mTeam Load (0.3ms)[0m  [1m[34mSELECT "teams".* FROM "teams"[0m
  Rendered teams/index.html.erb within layouts/application (3.8ms)
Completed 200 OK in 31ms (Views: 26.2ms | ActiveRecord: 0.3ms)


Started GET "/teams" for 127.0.0.1 at 2018-03-19 10:50:30 +0100
  [1m[35m (0.1ms)[0m  [1m[34mSELECT "schema_migrations"."version" FROM "schema_migrations" ORDER BY "schema_migrations"."version" ASC[0m
Processing by TeamsController#index as HTML
  Rendering teams/index.html.erb within layouts/application
  [1m[36mTeam Load (0.2ms)[0m  [1m[34mSELECT "teams".* FROM "teams"[0m
  Rendered teams/index.html.erb within layouts/application (24.4ms)
Completed 200 OK in 311ms (Views: 281.0ms | ActiveRecord: 0.6ms)


Started GET "/teams" for 127.0.0.1 at 2018-03-19 10:50:36 +0100
Processing by TeamsController#index as HTML
  Rendering teams/index.html.erb within layouts/application
  [1m[36mTeam Load (0.1ms)[0m  [1m[34mSELECT "teams".* FROM "teams"[0m
  Rendered teams/index.html.erb within layouts/application (1.4ms)
Completed 200 OK in 14ms (Views: 13.3ms | ActiveRecord: 0.1ms)


Started GET "/teams/new" for 127.0.0.1 at 2018-03-19 10:50:44 +0100
Processing by TeamsController#new as HTML
  Rendering teams/new.html.erb within layouts/application
  Rendered teams/_form.html.erb (202.1ms)
  Rendered teams/new.html.erb within layouts/application (213.2ms)
Completed 200 OK in 385ms (Views: 241.0ms | ActiveRecord: 0.0ms)


Started GET "/teams/" for 127.0.0.1 at 2018-03-19 10:50:47 +0100
Processing by TeamsController#index as HTML
  Rendering teams/index.html.erb within layouts/application
  [1m[36mTeam Load (0.2ms)[0m  [1m[34mSELECT "teams".* FROM "teams"[0m
  Rendered teams/index.html.erb within layouts/application (1.6ms)
Completed 200 OK in 17ms (Views: 16.3ms | ActiveRecord: 0.2ms)


Started GET "/teams/" for 127.0.0.1 at 2018-03-19 09:51:07 +0100
  [1m[35m (0.1ms)[0m  [1m[34mSELECT "schema_migrations"."version" FROM "schema_migrations" ORDER BY "schema_migrations"."version" ASC[0m
Processing by TeamsController#index as HTML
  Rendering teams/index.html.erb within layouts/application
  [1m[36mTeam Load (0.2ms)[0m  [1m[34mSELECT "teams".* FROM "teams"[0m
  Rendered teams/index.html.erb within layouts/application (8.4ms)
Completed 200 OK in 130ms (Views: 119.7ms | ActiveRecord: 0.8ms)


Started GET "/teams/" for 127.0.0.1 at 2018-03-19 09:51:13 +0100
Processing by TeamsController#index as HTML
  Rendering teams/index.html.erb within layouts/application
  [1m[36mTeam Load (0.1ms)[0m  [1m[34mSELECT "teams".* FROM "teams"[0m
  Rendered teams/index.html.erb within layouts/application (1.8ms)
Completed 200 OK in 15ms (Views: 13.3ms | ActiveRecord: 0.3ms)


Started GET "/" for 127.0.0.1 at 2018-03-19 10:08:25 +0100
  [1m[35m (0.2ms)[0m  [1m[34mSELECT "schema_migrations"."version" FROM "schema_migrations" ORDER BY "schema_migrations"."version" ASC[0m
Processing by Rails::WelcomeController#index as HTML
  Rendering /home/gentiana/.rbenv/versions/2.5.0/lib/ruby/gems/2.5.0/gems/railties-5.1.5/lib/rails/templates/rails/welcome/index.html.erb
  Rendered /home/gentiana/.rbenv/versions/2.5.0/lib/ruby/gems/2.5.0/gems/railties-5.1.5/lib/rails/templates/rails/welcome/index.html.erb (11.3ms)
Completed 200 OK in 102ms (Views: 50.9ms | ActiveRecord: 0.0ms)


Started GET "/teams" for 127.0.0.1 at 2018-03-19 10:08:33 +0100
Processing by TeamsController#index as HTML
  Rendering teams/index.html.erb within layouts/application
  [1m[36mTeam Load (0.3ms)[0m  [1m[34mSELECT "teams".* FROM "teams"[0m
  Rendered teams/index.html.erb within layouts/application (34.1ms)
Completed 200 OK in 535ms (Views: 475.4ms | ActiveRecord: 2.6ms)


Started GET "/tasks" for 127.0.0.1 at 2018-03-19 10:09:01 +0100
Processing by TasksController#index as HTML
  Rendering tasks/index.html.erb within layouts/application
  [1m[36mTask Load (0.7ms)[0m  [1m[34mSELECT "tasks".* FROM "tasks"[0m
  Rendered tasks/index.html.erb within layouts/application (29.2ms)
Completed 200 OK in 121ms (Views: 60.1ms | ActiveRecord: 2.6ms)


Started GET "/teams/new" for 127.0.0.1 at 2018-03-19 10:09:14 +0100
Processing by TeamsController#new as HTML
  Rendering teams/new.html.erb within layouts/application
  Rendered teams/_form.html.erb (192.8ms)
  Rendered teams/new.html.erb within layouts/application (194.8ms)
Completed 200 OK in 224ms (Views: 216.6ms | ActiveRecord: 0.0ms)


Started POST "/teams" for 127.0.0.1 at 2018-03-19 10:09:25 +0100
Processing by TeamsController#create as HTML
  Parameters: {"utf8"=>"✓", "authenticity_token"=>"9pPVrPkK6gcX7qRUaoRHtEOMd50pwVpy1yvtv1EBmhF4gCeT7UKGhupC2GajWHsvjAN2cCywMMRB+/CxE6U2cA==", "team"=>{"name"=>"kdkdkdkd", "availability"=>"2", "departure_date(1i)"=>"2018", "departure_date(2i)"=>"3", "departure_date(3i)"=>"19", "end_date(1i)"=>"2018", "end_date(2i)"=>"3", "end_date(3i)"=>"19"}, "commit"=>"Create Team"}
  [1m[35m (0.2ms)[0m  [1m[36mbegin transaction[0m
  [1m[35mSQL (2.9ms)[0m  [1m[32mINSERT INTO "teams" ("name", "availability", "departure_date", "end_date", "created_at", "updated_at") VALUES (?, ?, ?, ?, ?, ?)[0m  [["name", "kdkdkdkd"], ["availability", 2], ["departure_date", "2018-03-19"], ["end_date", "2018-03-19"], ["created_at", "2018-03-19 09:09:25.544749"], ["updated_at", "2018-03-19 09:09:25.544749"]]
  [1m[35m (127.4ms)[0m  [1m[36mcommit transaction[0m
Redirected to http://localhost:3000/teams/2
Completed 302 Found in 145ms (ActiveRecord: 130.5ms)


Started GET "/teams/2" for 127.0.0.1 at 2018-03-19 10:09:25 +0100
Processing by TeamsController#show as HTML
  Parameters: {"id"=>"2"}
  [1m[36mTeam Load (0.7ms)[0m  [1m[34mSELECT  "teams".* FROM "teams" WHERE "teams"."id" = ? LIMIT ?[0m  [["id", 2], ["LIMIT", 1]]
  Rendering teams/show.html.erb within layouts/application
  Rendered teams/show.html.erb within layouts/application (2.7ms)
Completed 200 OK in 69ms (Views: 31.8ms | ActiveRecord: 0.7ms)


Started GET "/teams" for 127.0.0.1 at 2018-03-19 10:09:28 +0100
Processing by TeamsController#index as HTML
  Rendering teams/index.html.erb within layouts/application
  [1m[36mTeam Load (0.3ms)[0m  [1m[34mSELECT "teams".* FROM "teams"[0m
  Rendered teams/index.html.erb within layouts/application (4.3ms)
Completed 200 OK in 40ms (Views: 35.8ms | ActiveRecord: 0.3ms)


Started GET "/tasks/new" for 127.0.0.1 at 2018-03-19 10:09:35 +0100
Processing by TasksController#new as HTML
  Rendering tasks/new.html.erb within layouts/application
  Rendered tasks/_form.html.erb (5.0ms)
  Rendered tasks/new.html.erb within layouts/application (6.6ms)
Completed 200 OK in 49ms (Views: 27.7ms | ActiveRecord: 0.0ms)


Started POST "/tasks" for 127.0.0.1 at 2018-03-19 10:10:07 +0100
Processing by TasksController#create as HTML
  Parameters: {"utf8"=>"✓", "authenticity_token"=>"vrHPcJuf8L1QBN4OxT//hrnjaPutQ/MoB4qY23NoUGkptQaoBor+t1LJVblBXLNtwbZxTLfAzBhAmgQLd316jQ==", "task"=>{"name_task"=>"kkkd", "effort_driven"=>"2", "estimate_effort"=>"5", "team_id"=>"2", "percentage_task"=>"223", "priority"=>"22"}, "commit"=>"Create Task"}
  [1m[35m (0.1ms)[0m  [1m[36mbegin transaction[0m
  [1m[36mTeam Load (0.4ms)[0m  [1m[34mSELECT  "teams".* FROM "teams" WHERE "teams"."id" = ? LIMIT ?[0m  [["id", 2], ["LIMIT", 1]]
  [1m[35mSQL (2.3ms)[0m  [1m[32mINSERT INTO "tasks" ("name_task", "effort_driven", "estimate_effort", "team_id", "percentage_task", "priority", "created_at", "updated_at") VALUES (?, ?, ?, ?, ?, ?, ?, ?)[0m  [["name_task", "kkkd"], ["effort_driven", 2], ["estimate_effort", 5], ["team_id", 2], ["percentage_task", 223], ["priority", 22], ["created_at", "2018-03-19 09:10:07.276226"], ["updated_at", "2018-03-19 09:10:07.276226"]]
  [1m[35m (67.1ms)[0m  [1m[36mcommit transaction[0m
Redirected to http://localhost:3000/tasks/2
Completed 302 Found in 333ms (ActiveRecord: 69.9ms)


Started GET "/tasks/2" for 127.0.0.1 at 2018-03-19 10:10:07 +0100
Processing by TasksController#show as HTML
  Parameters: {"id"=>"2"}
  [1m[36mTask Load (0.5ms)[0m  [1m[34mSELECT  "tasks".* FROM "tasks" WHERE "tasks"."id" = ? LIMIT ?[0m  [["id", 2], ["LIMIT", 1]]
  Rendering tasks/show.html.erb within layouts/application
  Rendered tasks/show.html.erb within layouts/application (1.7ms)
Completed 200 OK in 41ms (Views: 31.2ms | ActiveRecord: 0.5ms)


Started GET "/tasks" for 127.0.0.1 at 2018-03-19 10:11:00 +0100
Processing by TasksController#index as HTML
  Rendering tasks/index.html.erb within layouts/application
  [1m[36mTask Load (0.5ms)[0m  [1m[34mSELECT "tasks".* FROM "tasks"[0m
  Rendered tasks/index.html.erb within layouts/application (4.7ms)
Completed 200 OK in 30ms (Views: 26.0ms | ActiveRecord: 0.5ms)


Started GET "/teams/1" for 127.0.0.1 at 2018-03-19 10:11:44 +0100
Processing by TeamsController#show as HTML
  Parameters: {"id"=>"1"}
  [1m[36mTeam Load (0.9ms)[0m  [1m[34mSELECT  "teams".* FROM "teams" WHERE "teams"."id" = ? LIMIT ?[0m  [["id", 1], ["LIMIT", 1]]
  Rendering teams/show.html.erb within layouts/application
  Rendered teams/show.html.erb within layouts/application (2.3ms)
Completed 200 OK in 34ms (Views: 26.5ms | ActiveRecord: 0.9ms)


Started GET "/teams" for 127.0.0.1 at 2018-03-19 10:11:47 +0100
Processing by TeamsController#index as HTML
  Rendering teams/index.html.erb within layouts/application
  [1m[36mTeam Load (0.5ms)[0m  [1m[34mSELECT "teams".* FROM "teams"[0m
  Rendered teams/index.html.erb within layouts/application (5.9ms)
Completed 200 OK in 36ms (Views: 31.6ms | ActiveRecord: 0.5ms)


